[2026-04-01T20:06:06.170Z] [SERVER] STABILITY_CHANGED | Payload: {"entityId":1,"oldValue":100,"newValue":100,"reason":"turn_bleed"}
[2026-04-01T20:06:06.170Z] [SERVER] TURN_END | Payload: {"turnNumber":2}
[2026-04-01T20:06:06.170Z] [SERVER] COMPONENT_ADDED | Payload: {"entityId":130,"componentKey":"energy"}
[2026-04-01T20:06:06.170Z] [SERVER] MESSAGE_EMITTED | Payload: {"text":"A Null-Pointer teleports behind you!","type":"combat"}
[2026-04-01T20:06:06.170Z] [SERVER] ENEMY_TELEPORTED | Payload: {"entityId":4,"fromX":11,"fromY":6,"toX":5,"toY":4}
[2026-04-01T20:06:06.170Z] [SERVER] COMPONENT_ADDED | Payload: {"entityId":3,"componentKey":"energy"}
[2026-04-01T20:06:06.170Z] [SERVER] ENTITY_MOVED | Payload: {"entityId":121,"fromX":77,"fromY":27,"toX":77,"toY":26}
[2026-04-01T20:06:06.170Z] [SERVER] COMPONENT_ADDED | Payload: {"entityId":120,"componentKey":"energy"}
[2026-04-01T20:06:06.170Z] [SERVER] ENTITY_MOVED | Payload: {"entityId":120,"fromX":77,"fromY":24,"toX":76,"toY":24}
[2026-04-01T20:06:06.170Z] [SERVER] COMPONENT_ADDED | Payload: {"entityId":119,"componentKey":"energy"}
[2026-04-01T20:06:06.170Z] [SERVER] ENTITY_MOVED | Payload: {"entityId":115,"fromX":76,"fromY":13,"toX":76,"toY":12}
[2026-04-01T20:06:06.170Z] [SERVER] COMPONENT_ADDED | Payload: {"entityId":114,"componentKey":"energy"}
[2026-04-01T20:06:06.170Z] [SERVER] ENTITY_MOVED | Payload: {"entityId":113,"fromX":74,"fromY":5,"toX":74,"toY":4}
[2026-04-01T20:06:06.170Z] [SERVER] COMPONENT_ADDED | Payload: {"entityId":112,"componentKey":"energy"}
[2026-04-01T20:06:06.170Z] [SERVER] ENTITY_MOVED | Payload: {"entityId":83,"fromX":42,"fromY":31,"toX":43,"toY":31}
[2026-04-01T20:06:06.170Z] [SERVER] COMPONENT_ADDED | Payload: {"entityId":82,"componentKey":"energy"}
[2026-04-01T20:06:06.170Z] [SERVER] ENTITY_MOVED | Payload: {"entityId":82,"fromX":38,"fromY":29,"toX":39,"toY":29}
[2026-04-01T20:06:06.170Z] [SERVER] COMPONENT_ADDED | Payload: {"entityId":81,"componentKey":"energy"}
[2026-04-01T20:06:06.170Z] [SERVER] ENTITY_MOVED | Payload: {"entityId":75,"fromX":52,"fromY":11,"toX":52,"toY":12}
[2026-04-01T20:06:06.170Z] [SERVER] COMPONENT_ADDED | Payload: {"entityId":74,"componentKey":"energy"}
[2026-04-01T20:06:06.170Z] [SERVER] ENTITY_MOVED | Payload: {"entityId":52,"fromX":22,"fromY":27,"toX":23,"toY":27}
[2026-04-01T20:06:06.170Z] [SERVER] COMPONENT_ADDED | Payload: {"entityId":51,"componentKey":"energy"}
[2026-04-01T20:06:06.170Z] [SERVER] ENTITY_MOVED | Payload: {"entityId":51,"fromX":23,"fromY":29,"toX":23,"toY":28}
[2026-04-01T20:06:06.170Z] [SERVER] COMPONENT_ADDED | Payload: {"entityId":50,"componentKey":"energy"}
[2026-04-01T20:06:06.170Z] [SERVER] ENTITY_MOVED | Payload: {"entityId":48,"fromX":12,"fromY":38,"toX":11,"toY":38}
[2026-04-01T20:06:06.170Z] [SERVER] COMPONENT_ADDED | Payload: {"entityId":47,"componentKey":"energy"}
[2026-04-01T20:06:06.170Z] [SERVER] ENTITY_MOVED | Payload: {"entityId":38,"fromX":4,"fromY":40,"toX":5,"toY":40}
[2026-04-01T20:06:06.170Z] [SERVER] COMPONENT_ADDED | Payload: {"entityId":37,"componentKey":"energy"}
[2026-04-01T20:06:06.170Z] [SERVER] ENTITY_MOVED | Payload: {"entityId":26,"fromX":28,"fromY":17,"toX":27,"toY":17}
[2026-04-01T20:06:06.170Z] [SERVER] COMPONENT_ADDED | Payload: {"entityId":25,"componentKey":"energy"}
[2026-04-01T20:06:06.170Z] [SERVER] ENTITY_MOVED | Payload: {"entityId":25,"fromX":30,"fromY":15,"toX":29,"toY":15}
[2026-04-01T20:06:06.170Z] [SERVER] COMPONENT_ADDED | Payload: {"entityId":24,"componentKey":"energy"}
[2026-04-01T20:06:06.170Z] [SERVER] ENTITY_MOVED | Payload: {"entityId":15,"fromX":21,"fromY":5,"toX":22,"toY":5}
[2026-04-01T20:06:06.170Z] [SERVER] COMPONENT_ADDED | Payload: {"entityId":14,"componentKey":"energy"}
[2026-04-01T20:06:06.170Z] [SERVER] ENTITY_MOVED | Payload: {"entityId":10,"fromX":3,"fromY":14,"toX":4,"toY":14}
[2026-04-01T20:06:06.170Z] [SERVER] COMPONENT_ADDED | Payload: {"entityId":9,"componentKey":"energy"}
[2026-04-01T20:06:06.170Z] [SERVER] ENTITY_MOVED | Payload: {"entityId":9,"fromX":4,"fromY":16,"toX":5,"toY":16}
[2026-04-01T20:06:06.170Z] [SERVER] COMPONENT_ADDED | Payload: {"entityId":8,"componentKey":"energy"}
[2026-04-01T20:06:06.170Z] [SERVER] TURN_START | Payload: {"turnNumber":2}
[2026-04-01T20:06:06.170Z] [SERVER] PLAYER_ACTION | Payload: {"action":"MOVE_EAST","entityId":1}
[2026-04-01T20:06:06.170Z] [SERVER] ENTITY_MOVED | Payload: {"entityId":1,"fromX":5,"fromY":5,"toX":6,"toY":5}
[2026-04-01T20:06:06.170Z] [SERVER] COMPONENT_ADDED | Payload: {"entityId":1,"componentKey":"energy"}
[2026-04-01T20:06:06.120Z] [CLIENT] STABILITY_CHANGED | Payload: {"entityId":1,"oldValue":100,"newValue":100,"reason":"turn_bleed"}
[2026-04-01T20:06:06.119Z] [CLIENT] TURN_END | Payload: {"turnNumber":2}
[2026-04-01T20:06:06.119Z] [CLIENT] COMPONENT_ADDED | Payload: {"entityId":130,"componentKey":"energy"}
[2026-04-01T20:06:06.116Z] [CLIENT] MESSAGE_EMITTED | Payload: {"text":"A Null-Pointer teleports behind you!","type":"combat"}
[2026-04-01T20:06:06.116Z] [CLIENT] ENEMY_TELEPORTED | Payload: {"entityId":4,"fromX":11,"fromY":6,"toX":5,"toY":4}
[2026-04-01T20:06:06.115Z] [CLIENT] COMPONENT_ADDED | Payload: {"entityId":3,"componentKey":"energy"}
[2026-04-01T20:06:06.115Z] [CLIENT] ENTITY_MOVED | Payload: {"entityId":121,"fromX":77,"fromY":27,"toX":77,"toY":26}
[2026-04-01T20:06:06.114Z] [CLIENT] COMPONENT_ADDED | Payload: {"entityId":120,"componentKey":"energy"}
[2026-04-01T20:06:06.114Z] [CLIENT] ENTITY_MOVED | Payload: {"entityId":120,"fromX":77,"fromY":24,"toX":76,"toY":24}
[2026-04-01T20:06:06.114Z] [CLIENT] COMPONENT_ADDED | Payload: {"entityId":119,"componentKey":"energy"}
[2026-04-01T20:06:06.114Z] [CLIENT] ENTITY_MOVED | Payload: {"entityId":115,"fromX":76,"fromY":13,"toX":76,"toY":12}
[2026-04-01T20:06:06.113Z] [CLIENT] COMPONENT_ADDED | Payload: {"entityId":114,"componentKey":"energy"}
[2026-04-01T20:06:06.113Z] [CLIENT] ENTITY_MOVED | Payload: {"entityId":113,"fromX":74,"fromY":5,"toX":74,"toY":4}
[2026-04-01T20:06:06.112Z] [CLIENT] COMPONENT_ADDED | Payload: {"entityId":112,"componentKey":"energy"}
[2026-04-01T20:06:06.112Z] [CLIENT] ENTITY_MOVED | Payload: {"entityId":83,"fromX":42,"fromY":31,"toX":43,"toY":31}
[2026-04-01T20:06:06.112Z] [CLIENT] COMPONENT_ADDED | Payload: {"entityId":82,"componentKey":"energy"}
[2026-04-01T20:06:06.112Z] [CLIENT] ENTITY_MOVED | Payload: {"entityId":82,"fromX":38,"fromY":29,"toX":39,"toY":29}
[2026-04-01T20:06:06.111Z] [CLIENT] COMPONENT_ADDED | Payload: {"entityId":81,"componentKey":"energy"}
[2026-04-01T20:06:06.111Z] [CLIENT] ENTITY_MOVED | Payload: {"entityId":75,"fromX":52,"fromY":11,"toX":52,"toY":12}
[2026-04-01T20:06:06.111Z] [CLIENT] COMPONENT_ADDED | Payload: {"entityId":74,"componentKey":"energy"}
[2026-04-01T20:06:06.111Z] [CLIENT] ENTITY_MOVED | Payload: {"entityId":52,"fromX":22,"fromY":27,"toX":23,"toY":27}
[2026-04-01T20:06:06.111Z] [CLIENT] COMPONENT_ADDED | Payload: {"entityId":51,"componentKey":"energy"}
[2026-04-01T20:06:06.111Z] [CLIENT] ENTITY_MOVED | Payload: {"entityId":51,"fromX":23,"fromY":29,"toX":23,"toY":28}
[2026-04-01T20:06:06.111Z] [CLIENT] COMPONENT_ADDED | Payload: {"entityId":50,"componentKey":"energy"}
[2026-04-01T20:06:06.111Z] [CLIENT] ENTITY_MOVED | Payload: {"entityId":48,"fromX":12,"fromY":38,"toX":11,"toY":38}
[2026-04-01T20:06:06.110Z] [CLIENT] COMPONENT_ADDED | Payload: {"entityId":47,"componentKey":"energy"}
[2026-04-01T20:06:06.109Z] [CLIENT] ENTITY_MOVED | Payload: {"entityId":38,"fromX":4,"fromY":40,"toX":5,"toY":40}
[2026-04-01T20:06:06.109Z] [CLIENT] COMPONENT_ADDED | Payload: {"entityId":37,"componentKey":"energy"}
[2026-04-01T20:06:06.109Z] [CLIENT] ENTITY_MOVED | Payload: {"entityId":26,"fromX":28,"fromY":17,"toX":27,"toY":17}
[2026-04-01T20:06:06.109Z] [CLIENT] COMPONENT_ADDED | Payload: {"entityId":25,"componentKey":"energy"}
[2026-04-01T20:06:06.109Z] [CLIENT] ENTITY_MOVED | Payload: {"entityId":25,"fromX":30,"fromY":15,"toX":29,"toY":15}
[2026-04-01T20:06:06.108Z] [CLIENT] COMPONENT_ADDED | Payload: {"entityId":24,"componentKey":"energy"}
[2026-04-01T20:06:06.108Z] [CLIENT] ENTITY_MOVED | Payload: {"entityId":15,"fromX":21,"fromY":5,"toX":22,"toY":5}
[2026-04-01T20:06:06.108Z] [CLIENT] COMPONENT_ADDED | Payload: {"entityId":14,"componentKey":"energy"}
[2026-04-01T20:06:06.108Z] [CLIENT] ENTITY_MOVED | Payload: {"entityId":10,"fromX":3,"fromY":14,"toX":4,"toY":14}
[2026-04-01T20:06:06.108Z] [CLIENT] COMPONENT_ADDED | Payload: {"entityId":9,"componentKey":"energy"}
[2026-04-01T20:06:06.108Z] [CLIENT] ENTITY_MOVED | Payload: {"entityId":9,"fromX":4,"fromY":16,"toX":5,"toY":16}
[2026-04-01T20:06:06.107Z] [CLIENT] COMPONENT_ADDED | Payload: {"entityId":8,"componentKey":"energy"}
[2026-04-01T20:06:06.107Z] [CLIENT] TURN_START | Payload: {"turnNumber":2}
[2026-04-01T20:06:06.107Z] [CLIENT] PLAYER_ACTION | Payload: {"action":"MOVE_EAST","entityId":1}
[2026-04-01T20:06:06.107Z] [CLIENT] ENTITY_MOVED | Payload: {"entityId":1,"fromX":5,"fromY":5,"toX":6,"toY":5}
[2026-04-01T20:06:06.107Z] [CLIENT] COMPONENT_ADDED | Payload: {"entityId":1,"componentKey":"energy"}
[2026-04-01T20:06:06.080Z] [SERVER] STABILITY_CHANGED | Payload: {"entityId":1,"oldValue":100,"newValue":100,"reason":"turn_bleed"}
[2026-04-01T20:06:06.080Z] [SERVER] TURN_END | Payload: {"turnNumber":1}
[2026-04-01T20:06:06.080Z] [SERVER] COMPONENT_ADDED | Payload: {"entityId":130,"componentKey":"energy"}
[2026-04-01T20:06:06.079Z] [SERVER] TURN_START | Payload: {"turnNumber":1}
[2026-04-01T20:06:06.079Z] [SERVER] PLAYER_ACTION | Payload: {"action":"MOVE_EAST","entityId":1}
[2026-04-01T20:06:06.079Z] [SERVER] ENTITY_MOVED | Payload: {"entityId":1,"fromX":4,"fromY":5,"toX":5,"toY":5}
[2026-04-01T20:06:06.079Z] [SERVER] COMPONENT_ADDED | Payload: {"entityId":1,"componentKey":"energy"}
[2026-04-01T20:06:05.967Z] [CLIENT] STABILITY_CHANGED | Payload: {"entityId":1,"oldValue":100,"newValue":100,"reason":"turn_bleed"}
[2026-04-01T20:06:05.963Z] [CLIENT] TURN_END | Payload: {"turnNumber":1}
[2026-04-01T20:06:05.963Z] [CLIENT] COMPONENT_ADDED | Payload: {"entityId":130,"componentKey":"energy"}
[2026-04-01T20:06:05.958Z] [CLIENT] TURN_START | Payload: {"turnNumber":1}
[2026-04-01T20:06:05.958Z] [CLIENT] PLAYER_ACTION | Payload: {"action":"MOVE_EAST","entityId":1}
[2026-04-01T20:06:05.958Z] [CLIENT] ENTITY_MOVED | Payload: {"entityId":1,"fromX":4,"fromY":5,"toX":5,"toY":5}
[2026-04-01T20:06:05.957Z] [CLIENT] COMPONENT_ADDED | Payload: {"entityId":1,"componentKey":"energy"}
[2026-04-01T20:06:05.245Z] [CLIENT] DUNGEON_GENERATED | Payload: {"seed":"run-1775073965116"}
[2026-04-01T20:06:05.245Z] [CLIENT] STATE_TRANSITION | Payload: {"newState":"Playing"}